GROUP,PACKAGE,CLASS,INSTRUCTION_MISSED,INSTRUCTION_COVERED,BRANCH_MISSED,BRANCH_COVERED,LINE_MISSED,LINE_COVERED,COMPLEXITY_MISSED,COMPLEXITY_COVERED,METHOD_MISSED,METHOD_COVERED
Project,com.example.project.controllers.popupControllers,DefinitionController,139,0,4,0,25,0,10,0,8,0
Project,com.example.project.controllers.popupControllers,PopupController,6,0,0,0,2,0,2,0,2,0
Project,com.example.project.models.gameScreens,DailyRewardModel,47,0,3,0,10,0,5,0,3,0
Project,com.example.project.models.gameScreens,MainMenuModel,0,15,0,0,0,6,0,3,0,3
Project,com.example.project.models.gameScreens,ShopModel,0,150,0,6,0,34,0,11,0,8
Project,com.example.project.models.gameScreens,LoginModel,0,144,1,19,0,39,1,15,0,6
Project,com.example.project.models.gameScreens,ScoreChimePlayer,26,81,2,0,7,12,3,1,2,1
Project,com.example.project.models.gameScreens,GameScreenModel,6,14,0,0,2,5,2,1,2,1
Project,com.example.project.models.gameScreens,DailyRewardType,21,0,0,0,4,0,1,0,1,0
Project,com.example.project.models.gameScreens,LevelModel,7,611,5,35,2,120,7,50,2,35
Project,com.example.project.services.shopItems,UpgradeTiles,3,147,0,4,1,46,1,6,1,4
Project,com.example.project,Application,65,0,0,0,18,0,4,0,4,0
Project,com.example.project.models.popups,PopupModel,0,21,0,0,0,5,0,3,0,3
Project,com.example.project.models.popups,DefinitionPopup,3,70,1,3,1,17,1,8,0,7
Project,com.example.project.controllers.tiles,TileController,0,10,0,0,0,4,0,3,0,3
Project,com.example.project.controllers.tiles,TileControllerFactory,5,162,0,4,0,38,1,14,1,11
Project,com.example.project.controllers.tiles,UpgradeTileController,83,16,3,1,21,3,4,2,2,2
Project,com.example.project.controllers.tiles,LetterTileController,54,0,0,0,13,0,4,0,4,0
Project,com.example.project.controllers.tiles,EmptyTileSlotController,0,50,0,6,0,14,0,8,0,5
Project,com.example.project.services.sqlite.dAOs,DictionaryDAO,0,137,0,4,0,37,0,6,0,4
Project,com.example.project.services.sqlite.dAOs,UsersDAO,0,432,0,16,0,83,0,18,0,10
Project,com.example.project.models.tiles,UpgradeTileModel.UpgradeBuilder,0,33,0,0,0,7,0,7,0,7
Project,com.example.project.models.tiles,UpgradeTileModel,0,42,0,0,0,14,0,7,0,7
Project,com.example.project.models.tiles,ScrabbleTileProvider,0,380,0,4,0,45,0,7,0,5
Project,com.example.project.models.tiles,EmptyTileSlotModel,0,21,0,0,0,6,0,4,0,4
Project,com.example.project.models.tiles,LetterTileModel,0,28,0,0,0,8,0,4,0,4
Project,com.example.project.models.tiles,ScrabbleTileProvider.ScrabbleTileData,0,9,0,0,0,1,0,1,0,1
Project,com.example.project.models.tiles,TileModel,0,23,0,0,0,5,0,3,0,3
Project,com.example.project.models.tiles,UpgradeEffects,161,39,15,3,34,7,14,2,6,1
Project,com.example.project.models.tileGroups,TileGroup,5,87,1,3,0,24,2,7,1,6
Project,com.example.project.models.tileGroups,UpgradeTileGroup,11,130,5,11,3,28,6,7,1,4
Project,com.example.project.models.tileGroups,LetterTileGroup,0,136,0,6,0,29,0,11,0,8
Project,com.example.project.services.sqlite,SQLiteUsersConnection,0,10,0,0,0,5,0,4,0,4
Project,com.example.project.services.sqlite,SQLiteDictionaryConnection,0,10,0,0,0,5,0,4,0,4
Project,com.example.project.services.sqlite,SQLiteConnection,0,59,0,4,0,13,0,6,0,4
Project,com.example.project.controllers.gameScreens.animations,TextEmphasisAnimation,82,0,0,0,16,0,3,0,3,0
Project,com.example.project.controllers.gameScreens.animations,ScoreTimeline,70,0,2,0,17,0,5,0,4,0
Project,com.example.project.controllers.gameScreens.animations,InfiniteFloatingAnimation,68,0,0,0,14,0,4,0,4,0
Project,com.example.project.controllers.gameScreens.animations,ConfettiAnimation,81,0,2,0,15,0,3,0,2,0
Project,com.example.project.controllers.gameScreens.animations,LevelScoreSequence,94,0,2,0,19,0,3,0,2,0
Project,com.example.project.controllers.gameScreens.animations,AnimationWrapper,21,0,0,0,8,0,4,0,4,0
Project,com.example.project.services,GameScene,0,33,0,0,0,6,0,1,0,1
Project,com.example.project.services,SVGIcons,3,12,0,0,1,4,1,1,1,1
Project,com.example.project.services,SceneManager,3,44,0,0,1,13,1,2,1,2
Project,com.example.project.services,SessionData,0,8,0,0,0,2,0,1,0,1
Project,com.example.project.services,Session,0,632,0,14,0,121,0,32,0,25
Project,com.example.project.services,PasswordHasher,0,49,0,0,0,12,0,4,0,4
Project,com.example.project.services,Logger,0,145,0,2,0,36,0,11,0,10
Project,com.example.project.services,PopupLoader,8,33,0,0,3,10,1,2,1,2
Project,com.example.project.services,FXMLPageLoader,0,26,0,0,0,6,0,3,0,3
Project,com.example.project.models,User,0,23,0,0,0,8,0,4,0,4
Project,com.example.project.controllers,RootLayoutController,58,0,4,0,18,0,8,0,6,0
Project,com.example.project.controllers,DevButton,6,0,0,0,3,0,1,0,1,0
Project,com.example.project.controllers.gameScreens,LevelController,756,55,52,2,166,12,53,4,26,4
Project,com.example.project.controllers.gameScreens,GameScreenController,32,8,0,0,9,2,1,1,1,1
Project,com.example.project.controllers.gameScreens,SidebarController,225,0,0,0,43,0,23,0,23,0
Project,com.example.project.controllers.gameScreens,GameScreenController.SidebarLoaded,9,0,0,0,1,0,1,0,1,0
Project,com.example.project.controllers.gameScreens,ShopController,114,50,2,0,20,19,7,5,6,5
Project,com.example.project.controllers.gameScreens,TooltipSetup.Element,33,0,0,0,6,0,1,0,1,0
Project,com.example.project.controllers.gameScreens,TooltipSetup,259,0,8,0,46,0,13,0,7,0
Project,com.example.project.controllers.gameScreens,DailyRewardController,142,0,7,0,37,0,11,0,7,0
Project,com.example.project.controllers.gameScreens,LoginController,167,0,4,0,29,0,9,0,7,0
Project,com.example.project.controllers.gameScreens,MainMenuController,240,0,14,0,48,0,16,0,9,0
Project,com.example.project.controllers.gameScreens,GameScreenFactory,154,0,4,0,31,0,6,0,4,0
Project,com.example.project.services.sound,GameSoundPlayer,0,174,0,2,0,50,0,10,0,9
Project,com.example.project.services.sound,GameMusicPlayer,0,10,0,0,0,4,0,2,0,2
